<?xml version="1.0" encoding="UTF-8"?>
<testsuite xmlns:xsi="http://www.w3.org/2001/XMLSchema-instance" xsi:noNamespaceSchemaLocation="https://maven.apache.org/surefire/maven-surefire-plugin/xsd/surefire-test-report.xsd" name="RunnerTopluCalistirmaJsonRaporlu" time="22.684" tests="47" errors="0" skipped="41" failures="1">
  <properties>
[...]
</properties>
  <testcase name="TC01 Kullanici sitede phone aratabilmeli" classname="io.cucumber.junit.platform.engine.CucumberTestEngine" time="0">
    <skipped message="&apos;cucumber.filter.tags=@negatif&apos; did not match this scenario"/>
    <system-err><![CDATA[Jun 13, 2024 7:27:55 PM io.cucumber.junit.platform.engine.DiscoverySelectorResolver warnWhenCucumberFeaturesPropertyIsUsed
WARNING: Discovering tests using the cucumber.features property. Other discovery selectors are ignored!

This is a work around for the limited JUnit 5 support in Maven and Gradle. Please request/upvote/sponsor/ect better support for JUnit 5 discovery selectors. For details see: https://github.com/cucumber/cucumber-jvm/pull/2498

If you are using the JUnit 5 Suite Engine, Platform Launcher API or Console Launcher you should not use this property. Please consult the JUnit 5 documentation on test selection.
]]></system-err>
  </testcase>
  <testcase name="TC02 Kullanici sitede dress aratabilmeli" classname="io.cucumber.junit.platform.engine.CucumberTestEngine" time="0">
    <skipped message="&apos;cucumber.filter.tags=@negatif&apos; did not match this scenario"/>
  </testcase>
  <testcase name="TC03 Kullanici sitede samsung aratabilmeli" classname="io.cucumber.junit.platform.engine.CucumberTestEngine" time="0">
    <skipped message="&apos;cucumber.filter.tags=@negatif&apos; did not match this scenario"/>
  </testcase>
  <testcase name="TC04 Kullanici sitede phone aratabilmeli" classname="io.cucumber.junit.platform.engine.CucumberTestEngine" time="0">
    <skipped message="&apos;cucumber.filter.tags=@negatif&apos; did not match this scenario"/>
  </testcase>
  <testcase name="TC05 Kullanici sitede dress aratabilmeli" classname="io.cucumber.junit.platform.engine.CucumberTestEngine" time="0">
    <skipped message="&apos;cucumber.filter.tags=@negatif&apos; did not match this scenario"/>
  </testcase>
  <testcase name="TC06 Kullanici sitede samsung aratabilmeli" classname="io.cucumber.junit.platform.engine.CucumberTestEngine" time="0">
    <skipped message="&apos;cucumber.filter.tags=@negatif&apos; did not match this scenario"/>
  </testcase>
  <testcase name="TC07 Kullanici istedigi kelimeyi aratabilmeli" classname="io.cucumber.junit.platform.engine.CucumberTestEngine" time="0">
    <skipped message="&apos;cucumber.filter.tags=@negatif&apos; did not match this scenario"/>
  </testcase>
  <testcase name="TC08 Gecerli bilgilerle sisteme giris yapilabilmeli" classname="io.cucumber.junit.platform.engine.CucumberTestEngine" time="0">
    <skipped message="&apos;cucumber.filter.tags=@negatif&apos; did not match this scenario"/>
  </testcase>
  <testcase name="TC09 Kullanici gecersiz password ile giris yapamamali" classname="io.cucumber.junit.platform.engine.CucumberTestEngine" time="0">
    <skipped message="&apos;cucumber.filter.tags=@negatif&apos; did not match this scenario"/>
  </testcase>
  <testcase name="TC10 Kullanici gecersiz email ile giris yapamamali" classname="io.cucumber.junit.platform.engine.CucumberTestEngine" time="0">
    <skipped message="&apos;cucumber.filter.tags=@negatif&apos; did not match this scenario"/>
  </testcase>
  <testcase name="TC11 Kullanici gecersiz email ve gecersiz password ile giris yapamamali" classname="io.cucumber.junit.platform.engine.CucumberTestEngine" time="0">
    <skipped message="&apos;cucumber.filter.tags=@negatif&apos; did not match this scenario"/>
  </testcase>
  <testcase name="TC12 Kullanici fake bilgilerle facebook&apos;da kayit olusturabilmeli" classname="io.cucumber.junit.platform.engine.CucumberTestEngine" time="0">
    <skipped message="&apos;cucumber.filter.tags=@negatif&apos; did not match this scenario"/>
  </testcase>
  <testcase name="TC13 Kullanici sepete dogru urun eklendigini test eder" classname="io.cucumber.junit.platform.engine.CucumberTestEngine" time="0">
    <skipped message="&apos;cucumber.filter.tags=@negatif&apos; did not match this scenario"/>
  </testcase>
  <testcase name="TC14 sonradan gorunen elementler gorunur oluncaya kadar beklenebilmeli" classname="io.cucumber.junit.platform.engine.CucumberTestEngine" time="0">
    <skipped message="&apos;cucumber.filter.tags=@negatif&apos; did not match this scenario"/>
  </testcase>
  <testcase name="Example #1.1" classname="io.cucumber.junit.platform.engine.CucumberTestEngine" time="0">
    <skipped message="&apos;cucumber.filter.tags=@negatif&apos; did not match this scenario"/>
  </testcase>
  <testcase name="Example #1.1" classname="io.cucumber.junit.platform.engine.CucumberTestEngine" time="0">
    <skipped message="&apos;cucumber.filter.tags=@negatif&apos; did not match this scenario"/>
  </testcase>
  <testcase name="Example #1.1" classname="io.cucumber.junit.platform.engine.CucumberTestEngine" time="0">
    <skipped message="&apos;cucumber.filter.tags=@negatif&apos; did not match this scenario"/>
  </testcase>
  <testcase name="Example #1.1" classname="io.cucumber.junit.platform.engine.CucumberTestEngine" time="0">
    <skipped message="&apos;cucumber.filter.tags=@negatif&apos; did not match this scenario"/>
  </testcase>
  <testcase name="Example #1.1" classname="io.cucumber.junit.platform.engine.CucumberTestEngine" time="6.115"/>
  <testcase name="Example #1.2" classname="io.cucumber.junit.platform.engine.CucumberTestEngine" time="0">
    <skipped message="&apos;cucumber.filter.tags=@negatif&apos; did not match this scenario"/>
  </testcase>
  <testcase name="Example #1.2" classname="io.cucumber.junit.platform.engine.CucumberTestEngine" time="0">
    <skipped message="&apos;cucumber.filter.tags=@negatif&apos; did not match this scenario"/>
  </testcase>
  <testcase name="Example #1.2" classname="io.cucumber.junit.platform.engine.CucumberTestEngine" time="0">
    <skipped message="&apos;cucumber.filter.tags=@negatif&apos; did not match this scenario"/>
  </testcase>
  <testcase name="Example #1.2" classname="io.cucumber.junit.platform.engine.CucumberTestEngine" time="0">
    <skipped message="&apos;cucumber.filter.tags=@negatif&apos; did not match this scenario"/>
  </testcase>
  <testcase name="Example #1.2" classname="io.cucumber.junit.platform.engine.CucumberTestEngine" time="3.276">
    <failure message="expected: &lt;0 Products Found&gt; but was: &lt;3 Products Found&gt;" type="org.opentest4j.AssertionFailedError"><![CDATA[org.opentest4j.AssertionFailedError: expected: <0 Products Found> but was: <3 Products Found>
]]></failure>
    <system-out><![CDATA[
@negatif
Scenario Outline: TC21 verilen kelimeler sitede bulunamamali &amp#27;[90m# src/test/resources/features/wip/US1015_NegatifAramaTesti.feature:17&amp#27;[0m
  &amp#27;[32mGiven &amp#27;[0m&amp#27;[32mkullanici &amp#27;[0m&amp#27;[32m&amp#27;[1m"toUrl"&amp#27;[0m&amp#27;[32m anasayfaya gider&amp#27;[0m                   &amp#27;[90m# stepdefinitions.TestotomasyonuStepdefinitions.kullanici_anasayfaya_gider(java.lang.String)&amp#27;[0m
  &amp#27;[32mThen &amp#27;[0m&amp#27;[32marama kutusuna &amp#27;[0m&amp#27;[32m&amp#27;[1m"Apple"&amp#27;[0m&amp#27;[32m yazip aratir&amp#27;[0m                   &amp#27;[90m# stepdefinitions.TestotomasyonuStepdefinitions.aramaKutusunaYazipAratir(java.lang.String)&amp#27;[0m
  &amp#27;[31mAnd &amp#27;[0m&amp#27;[31marama sonucunda urun bulunamadigini test eder&amp#27;[0m          &amp#27;[90m# stepdefinitions.TestotomasyonuStepdefinitions.aramaSonucundaUrunBulunamadiginiTestEder()&amp#27;[0m
      &amp#27;[31morg.opentest4j.AssertionFailedError: expected: <0 Products Found> but was: <3 Products Found>
	at org.junit.jupiter.api.AssertionFailureBuilder.build(AssertionFailureBuilder.java:151)
	at org.junit.jupiter.api.AssertionFailureBuilder.buildAndThrow(AssertionFailureBuilder.java:132)
	at org.junit.jupiter.api.AssertEquals.failNotEqual(AssertEquals.java:197)
	at org.junit.jupiter.api.AssertEquals.assertEquals(AssertEquals.java:182)
	at org.junit.jupiter.api.AssertEquals.assertEquals(AssertEquals.java:177)
	at org.junit.jupiter.api.Assertions.assertEquals(Assertions.java:1145)
	at stepdefinitions.TestotomasyonuStepdefinitions.aramaSonucundaUrunBulunamadiginiTestEder(TestotomasyonuStepdefinitions.java:175)
	at ✽.arama sonucunda urun bulunamadigini test eder(file:///Users/ahmetbulutluoz/Desktop/My%20Desktop/course/projeler/Team141_Cucumber/src/test/resources/features/wip/US1015_NegatifAramaTesti.feature:11)
&amp#27;[0m

    Embedding screenshots [image/png 305235 bytes]

]]></system-out>
  </testcase>
  <testcase name="Example #1.3" classname="io.cucumber.junit.platform.engine.CucumberTestEngine" time="0">
    <skipped message="&apos;cucumber.filter.tags=@negatif&apos; did not match this scenario"/>
  </testcase>
  <testcase name="Example #1.3" classname="io.cucumber.junit.platform.engine.CucumberTestEngine" time="0">
    <skipped message="&apos;cucumber.filter.tags=@negatif&apos; did not match this scenario"/>
  </testcase>
  <testcase name="Example #1.3" classname="io.cucumber.junit.platform.engine.CucumberTestEngine" time="0">
    <skipped message="&apos;cucumber.filter.tags=@negatif&apos; did not match this scenario"/>
  </testcase>
  <testcase name="Example #1.3" classname="io.cucumber.junit.platform.engine.CucumberTestEngine" time="0">
    <skipped message="&apos;cucumber.filter.tags=@negatif&apos; did not match this scenario"/>
  </testcase>
  <testcase name="Example #1.3" classname="io.cucumber.junit.platform.engine.CucumberTestEngine" time="3.179"/>
  <testcase name="Example #1.4" classname="io.cucumber.junit.platform.engine.CucumberTestEngine" time="0">
    <skipped message="&apos;cucumber.filter.tags=@negatif&apos; did not match this scenario"/>
  </testcase>
  <testcase name="Example #1.4" classname="io.cucumber.junit.platform.engine.CucumberTestEngine" time="0">
    <skipped message="&apos;cucumber.filter.tags=@negatif&apos; did not match this scenario"/>
  </testcase>
  <testcase name="Example #1.4" classname="io.cucumber.junit.platform.engine.CucumberTestEngine" time="0">
    <skipped message="&apos;cucumber.filter.tags=@negatif&apos; did not match this scenario"/>
  </testcase>
  <testcase name="Example #1.4" classname="io.cucumber.junit.platform.engine.CucumberTestEngine" time="0">
    <skipped message="&apos;cucumber.filter.tags=@negatif&apos; did not match this scenario"/>
  </testcase>
  <testcase name="Example #1.4" classname="io.cucumber.junit.platform.engine.CucumberTestEngine" time="3.278"/>
  <testcase name="Example #1.5" classname="io.cucumber.junit.platform.engine.CucumberTestEngine" time="0">
    <skipped message="&apos;cucumber.filter.tags=@negatif&apos; did not match this scenario"/>
  </testcase>
  <testcase name="Example #1.5" classname="io.cucumber.junit.platform.engine.CucumberTestEngine" time="0">
    <skipped message="&apos;cucumber.filter.tags=@negatif&apos; did not match this scenario"/>
  </testcase>
  <testcase name="Example #1.5" classname="io.cucumber.junit.platform.engine.CucumberTestEngine" time="0">
    <skipped message="&apos;cucumber.filter.tags=@negatif&apos; did not match this scenario"/>
  </testcase>
  <testcase name="Example #1.5" classname="io.cucumber.junit.platform.engine.CucumberTestEngine" time="0">
    <skipped message="&apos;cucumber.filter.tags=@negatif&apos; did not match this scenario"/>
  </testcase>
  <testcase name="Example #1.5" classname="io.cucumber.junit.platform.engine.CucumberTestEngine" time="3.302"/>
  <testcase name="Example #1.6" classname="io.cucumber.junit.platform.engine.CucumberTestEngine" time="0">
    <skipped message="&apos;cucumber.filter.tags=@negatif&apos; did not match this scenario"/>
  </testcase>
  <testcase name="Example #1.6" classname="io.cucumber.junit.platform.engine.CucumberTestEngine" time="0">
    <skipped message="&apos;cucumber.filter.tags=@negatif&apos; did not match this scenario"/>
  </testcase>
  <testcase name="Example #1.6" classname="io.cucumber.junit.platform.engine.CucumberTestEngine" time="3.313"/>
  <testcase name="Example #1.7" classname="io.cucumber.junit.platform.engine.CucumberTestEngine" time="0">
    <skipped message="&apos;cucumber.filter.tags=@negatif&apos; did not match this scenario"/>
  </testcase>
  <testcase name="Example #1.8" classname="io.cucumber.junit.platform.engine.CucumberTestEngine" time="0">
    <skipped message="&apos;cucumber.filter.tags=@negatif&apos; did not match this scenario"/>
  </testcase>
  <testcase name="Example #1.9" classname="io.cucumber.junit.platform.engine.CucumberTestEngine" time="0">
    <skipped message="&apos;cucumber.filter.tags=@negatif&apos; did not match this scenario"/>
  </testcase>
  <testcase name="TC19 Fake bilgilerle sisteme giris yapilamamali" classname="io.cucumber.junit.platform.engine.CucumberTestEngine" time="0">
    <skipped message="&apos;cucumber.filter.tags=@negatif&apos; did not match this scenario"/>
  </testcase>
  <testcase name="TC20 kullanici tablodan istedigi sutunu yazdirabilmeli" classname="io.cucumber.junit.platform.engine.CucumberTestEngine" time="0">
    <skipped message="&apos;cucumber.filter.tags=@negatif&apos; did not match this scenario"/>
  </testcase>
</testsuite>